<?xml version="1.0" encoding="UTF-8"?>
<!-- Generated by org.testng.reporters.JUnitXMLReporter -->
<testsuite hostname="Suji" failures="0" tests="2" name="Test" time="0.017" errors="0" timestamp="26 Aug 2021 03:26:35 GMT">
  <testcase classname="Practice.DXCVicTest.PermitTypePageTest" name="@BeforeTest Initialize" time="0.0">
    <failure type="java.lang.NullPointerException" message="Cannot invoke &amp;quot;String.contains(java.lang.CharSequence)&amp;quot; because &amp;quot;browserName&amp;quot; is null">
      <![CDATA[java.lang.NullPointerException: Cannot invoke "String.contains(java.lang.CharSequence)" because "browserName" is null
	at resources.Base.InitializeDriver(Base.java:29)
	at Practice.DXCVicTest.PermitTypePageTest.Initialize(PermitTypePageTest.java:19)
	at org.apache.maven.surefire.testng.TestNGExecutor.run(TestNGExecutor.java:284)
	at org.apache.maven.surefire.testng.TestNGXmlTestSuite.execute(TestNGXmlTestSuite.java:75)
	at org.apache.maven.surefire.testng.TestNGProvider.invoke(TestNGProvider.java:119)
	at org.apache.maven.surefire.booter.ForkedBooter.runSuitesInProcess(ForkedBooter.java:428)
	at org.apache.maven.surefire.booter.ForkedBooter.execute(ForkedBooter.java:162)
	at org.apache.maven.surefire.booter.ForkedBooter.run(ForkedBooter.java:562)
	at org.apache.maven.surefire.booter.ForkedBooter.main(ForkedBooter.java:548)
... Removed 19 stack frames]]>
    </failure>
  </testcase> <!-- @BeforeTest Initialize -->
  <testcase classname="Practice.DXCVicTest.CalculateFeePageTest" name="CalculateFee" time="0.001">
    <skipped/>
  </testcase> <!-- CalculateFee -->
  <testcase classname="Practice.DXCVicTest.PermitTypePageTest" name="PermitTest" time="0.0">
    <skipped/>
  </testcase> <!-- PermitTest -->
</testsuite> <!-- Test -->
